<?xml version="1.0" encoding="UTF-8"?>
<!-- Generated by org.testng.reporters.JUnitReportReporter -->
<testsuite hostname="Islam-PC" name="in.E" tests="1" failures="0" timestamp="11 May 2016 02:32:53 GMT" time="30.559" errors="0">
  <testcase name="t" time="30.559" classname="in.E"/>
</testsuite> <!-- in.E -->
