<?xml version="1.0" encoding="UTF-8"?>
<!-- Generated by org.testng.reporters.JUnitReportReporter -->
<testsuite hostname="Islam-PC" name="test.f.createAccount.B" tests="3" failures="0" timestamp="18 May 2016 01:21:13 GMT" time="0.010" errors="0">
  <testcase name="t3" time="0.006" classname="test.f.createAccount.B"/>
  <testcase name="t1" time="0.002" classname="test.f.createAccount.B"/>
  <testcase name="t2" time="0.002" classname="test.f.createAccount.B"/>
</testsuite> <!-- test.f.createAccount.B -->
