<?xml version="1.0" encoding="UTF-8"?>
<!-- Generated by org.testng.reporters.JUnitReportReporter -->
<testsuite hostname="Islam-PC" name="test.Bing" tests="1" failures="0" timestamp="17 Apr 2016 03:44:32 GMT" time="8.684" errors="0">
  <testcase name="b" time="8.684" classname="test.Bing"/>
</testsuite> <!-- test.Bing -->
