<?xml version="1.0" encoding="UTF-8"?>
<!-- Generated by org.testng.reporters.JUnitReportReporter -->
<testsuite hostname="Islam-PC" name="v.Sn" tests="1" failures="0" timestamp="26 Jul 2016 01:07:48 GMT" time="11.179" errors="0">
  <testcase name="t" time="11.179" classname="v.Sn"/>
</testsuite> <!-- v.Sn -->
