<?xml version="1.0" encoding="UTF-8"?>
<!-- Generated by org.testng.reporters.JUnitReportReporter -->
<testsuite hostname="Islam-PC" name="test.p.FileUL" tests="1" failures="0" timestamp="25 May 2016 02:43:21 GMT" time="66.233" errors="0">
  <testcase name="t" time="66.233" classname="test.p.FileUL"/>
</testsuite> <!-- test.p.FileUL -->
