<?xml version="1.0" encoding="UTF-8"?>
<!-- Generated by org.testng.reporters.JUnitReportReporter -->
<testsuite hostname="Islam-PC" name="test.CreateAccount" tests="1" failures="0" timestamp="20 Apr 2016 00:19:40 GMT" time="8.580" errors="0">
  <testcase name="createAccount" time="8.580" classname="test.CreateAccount"/>
</testsuite> <!-- test.CreateAccount -->
