<?xml version="1.0" encoding="UTF-8"?>
<!-- Generated by org.testng.reporters.JUnitReportReporter -->
<testsuite hostname="Islam-PC" name="test.f.createAccount.DataPro" tests="3" failures="0" timestamp="19 May 2016 02:20:13 GMT" time="0.016" errors="0">
  <testcase name="data" time="0.013" classname="test.f.createAccount.DataPro"/>
  <testcase name="data" time="0.001" classname="test.f.createAccount.DataPro"/>
  <testcase name="data" time="0.002" classname="test.f.createAccount.DataPro"/>
</testsuite> <!-- test.f.createAccount.DataPro -->
