<?xml version="1.0" encoding="UTF-8"?>
<!-- Generated by org.testng.reporters.JUnitReportReporter -->
<testsuite hostname="Islam-PC" name="test.f.createAccount.B" tests="3" failures="0" timestamp="20 May 2016 01:44:50 GMT" time="11.969" errors="0">
  <testcase name="t1" time="3.702" classname="test.f.createAccount.B"/>
  <testcase name="t3" time="1.551" classname="test.f.createAccount.B"/>
  <testcase name="t2" time="6.716" classname="test.f.createAccount.B"/>
</testsuite> <!-- test.f.createAccount.B -->
