<?xml version="1.0" encoding="UTF-8"?>
<!-- Generated by org.testng.reporters.JUnitReportReporter -->
<testsuite hostname="Islam-PC" name="test.f.createAccount.B2" tests="12" failures="0" timestamp="18 May 2016 01:53:08 GMT" time="197.661" errors="0">
  <testcase name="t1" time="7.641" classname="test.f.createAccount.B2"/>
  <testcase name="t1" time="31.891" classname="test.f.createAccount.B2"/>
  <testcase name="t1" time="11.331" classname="test.f.createAccount.B2"/>
  <testcase name="t1" time="17.236" classname="test.f.createAccount.B2"/>
  <testcase name="t3" time="0.002" classname="test.f.createAccount.B2"/>
  <testcase name="t1" time="23.003" classname="test.f.createAccount.B2"/>
  <testcase name="t1" time="26.799" classname="test.f.createAccount.B2"/>
  <testcase name="t1" time="15.904" classname="test.f.createAccount.B2"/>
  <testcase name="t1" time="20.879" classname="test.f.createAccount.B2"/>
  <testcase name="t1" time="28.750" classname="test.f.createAccount.B2"/>
  <testcase name="t2" time="0.016" classname="test.f.createAccount.B2"/>
  <testcase name="t1" time="14.209" classname="test.f.createAccount.B2"/>
</testsuite> <!-- test.f.createAccount.B2 -->
