<?xml version="1.0" encoding="UTF-8"?>
<!-- Generated by org.testng.reporters.JUnitReportReporter -->
<testsuite hostname="Islam-PC" name="test.LogInTest" tests="1" failures="0" timestamp="20 Apr 2016 00:19:40 GMT" time="6.769" errors="0">
  <testcase name="logIn" time="6.769" classname="test.LogInTest"/>
</testsuite> <!-- test.LogInTest -->
