<?xml version="1.0" encoding="UTF-8"?>
<!-- Generated by org.testng.reporters.JUnitReportReporter -->
<testsuite hostname="Islam-PC" name="in.BB" tests="1" failures="0" timestamp="13 May 2016 02:24:47 GMT" time="33.220" errors="0">
  <testcase name="t" time="33.220" classname="in.BB"/>
</testsuite> <!-- in.BB -->
