<?xml version="1.0" encoding="UTF-8"?>
<!-- Generated by org.testng.reporters.JUnitReportReporter -->
<testsuite hostname="Islam-PC" name="test.ManageAccountTest" tests="1" failures="0" timestamp="15 Apr 2016 01:52:36 GMT" time="5.419" errors="0">
  <testcase name="manageAccount" time="5.419" classname="test.ManageAccountTest"/>
</testsuite> <!-- test.ManageAccountTest -->
