<?xml version="1.0" encoding="UTF-8"?>
<!-- Generated by org.testng.reporters.JUnitReportReporter -->
<testsuite hostname="Islam-PC" name="test.LogInTest" tests="1" failures="0" timestamp="15 Apr 2016 01:47:55 GMT" time="6.474" errors="0">
  <testcase name="logIn" time="6.474" classname="test.LogInTest"/>
</testsuite> <!-- test.LogInTest -->
