<?xml version="1.0" encoding="UTF-8"?>
<!-- Generated by org.testng.reporters.JUnitReportReporter -->
<testsuite hostname="Islam-PC" name="test.BingTest" tests="1" failures="0" timestamp="20 Apr 2016 01:07:20 GMT" time="5.945" errors="0">
  <testcase name="b" time="5.945" classname="test.BingTest"/>
</testsuite> <!-- test.BingTest -->
