<?xml version="1.0" encoding="UTF-8"?>
<!-- Generated by org.testng.reporters.JUnitReportReporter -->
<testsuite hostname="Islam-PC" name="test.LogInTest" tests="1" failures="0" timestamp="20 Apr 2016 01:07:20 GMT" time="8.813" errors="0">
  <testcase name="logIn" time="8.813" classname="test.LogInTest"/>
</testsuite> <!-- test.LogInTest -->
