<?xml version="1.0" encoding="UTF-8"?>
<!-- Generated by org.testng.reporters.JUnitReportReporter -->
<testsuite hostname="Islam-PC" name="test.BingTest" tests="1" failures="0" timestamp="21 Apr 2016 02:30:18 GMT" time="4.933" errors="0">
  <testcase name="b" time="4.933" classname="test.BingTest"/>
</testsuite> <!-- test.BingTest -->
