<?xml version="1.0" encoding="UTF-8"?>
<!-- Generated by org.testng.reporters.JUnitReportReporter -->
<testsuite hostname="Islam-PC" name="test.CreateAccountTest" tests="1" failures="0" timestamp="20 Apr 2016 01:07:20 GMT" time="16.437" errors="0">
  <testcase name="createAccount" time="16.437" classname="test.CreateAccountTest"/>
</testsuite> <!-- test.CreateAccountTest -->
