<?xml version="1.0" encoding="UTF-8"?>
<!-- Generated by org.testng.reporters.JUnitReportReporter -->
<testsuite hostname="Islam-PC" name="test.ManageAccountTest" tests="1" failures="0" timestamp="20 Apr 2016 01:07:20 GMT" time="208.730" errors="0">
  <testcase name="manageAccount" time="208.730" classname="test.ManageAccountTest"/>
</testsuite> <!-- test.ManageAccountTest -->
